0 info it worked if it ends with ok
1 verbose cli [ 'node', '/usr/local/bin/npm', 'install', 'firebase', '--save' ]
2 info using npm@2.7.4
3 info using node@v0.12.2
4 silly cache add args [ 'firebase', null ]
5 verbose cache add spec firebase
6 silly cache add parsed spec { raw: 'firebase',
6 silly cache add   scope: null,
6 silly cache add   name: 'firebase',
6 silly cache add   rawSpec: '',
6 silly cache add   spec: '*',
6 silly cache add   type: 'range' }
7 verbose addNamed firebase@*
8 silly addNamed semver.valid null
9 silly addNamed semver.validRange *
10 silly addNameRange { name: 'firebase', range: '*', hasData: false }
11 silly mapToRegistry name firebase
12 silly mapToRegistry using default registry
13 silly mapToRegistry registry https://registry.npmjs.org/
14 silly mapToRegistry uri https://registry.npmjs.org/firebase
15 verbose addNameRange registry:https://registry.npmjs.org/firebase not in flight; fetching
16 verbose request uri https://registry.npmjs.org/firebase
17 verbose request no auth needed
18 info attempt registry request try #1 at 11:24:19 AM
19 verbose request id 5fd4793cc0b92534
20 verbose etag "9GRBBLPAXM22F2DMCMX7EVO5N"
21 http request GET https://registry.npmjs.org/firebase
22 http 304 https://registry.npmjs.org/firebase
23 silly get cb [ 304,
23 silly get   { date: 'Thu, 07 May 2015 15:24:19 GMT',
23 silly get     via: '1.1 varnish',
23 silly get     'last-modified': 'Thu, 07 May 2015 15:24:19 GMT',
23 silly get     'cache-control': 'max-age=60',
23 silly get     etag: '"9GRBBLPAXM22F2DMCMX7EVO5N"',
23 silly get     age: '0',
23 silly get     connection: 'keep-alive',
23 silly get     'x-served-by': 'cache-iad2132-IAD',
23 silly get     'x-cache': 'HIT',
23 silly get     'x-cache-hits': '1',
23 silly get     'x-timer': 'S1431012259.750725,VS0,VE59',
23 silly get     vary: 'Accept' } ]
24 verbose etag https://registry.npmjs.org/firebase from cache
25 verbose get saving firebase to /Users/davidherrera/.npm/registry.npmjs.org/firebase/.cache.json
26 silly addNameRange number 2 { name: 'firebase', range: '*', hasData: true }
27 silly addNameRange versions [ 'firebase',
27 silly addNameRange   [ '0.0.0',
27 silly addNameRange     '0.5.0',
27 silly addNameRange     '0.5.1',
27 silly addNameRange     '0.5.2',
27 silly addNameRange     '0.5.3',
27 silly addNameRange     '0.5.4',
27 silly addNameRange     '0.6.0',
27 silly addNameRange     '0.6.1',
27 silly addNameRange     '0.6.2',
27 silly addNameRange     '0.6.3',
27 silly addNameRange     '0.6.4',
27 silly addNameRange     '0.6.5',
27 silly addNameRange     '0.6.6',
27 silly addNameRange     '0.6.7',
27 silly addNameRange     '0.6.8',
27 silly addNameRange     '0.6.9',
27 silly addNameRange     '0.6.10',
27 silly addNameRange     '0.6.11',
27 silly addNameRange     '0.6.14',
27 silly addNameRange     '0.6.15',
27 silly addNameRange     '0.6.16',
27 silly addNameRange     '0.6.17',
27 silly addNameRange     '0.6.19',
27 silly addNameRange     '0.6.21',
27 silly addNameRange     '0.6.22',
27 silly addNameRange     '1.0.1',
27 silly addNameRange     '1.0.1-npm',
27 silly addNameRange     '1.0.2',
27 silly addNameRange     '1.0.3',
27 silly addNameRange     '1.0.4',
27 silly addNameRange     '1.0.5',
27 silly addNameRange     '1.0.10',
27 silly addNameRange     '1.0.10-2',
27 silly addNameRange     '1.0.11',
27 silly addNameRange     '1.0.12',
27 silly addNameRange     '1.0.13',
27 silly addNameRange     '1.0.14',
27 silly addNameRange     '1.0.15',
27 silly addNameRange     '1.0.15-2',
27 silly addNameRange     '1.0.15-3',
27 silly addNameRange     '1.0.17',
27 silly addNameRange     '1.0.18',
27 silly addNameRange     '1.0.19',
27 silly addNameRange     '1.0.20',
27 silly addNameRange     '1.0.21',
27 silly addNameRange     '1.0.23',
27 silly addNameRange     '1.0.24',
27 silly addNameRange     '1.1.0',
27 silly addNameRange     '1.1.1',
27 silly addNameRange     '1.1.2',
27 silly addNameRange     '1.2.0-beta.1-0',
27 silly addNameRange     '1.2.0-beta.2',
27 silly addNameRange     '1.1.3',
27 silly addNameRange     '1.2.0-beta.3',
27 silly addNameRange     '2.0.0',
27 silly addNameRange     '2.0.1',
27 silly addNameRange     '2.0.2',
27 silly addNameRange     '2.0.3',
27 silly addNameRange     '2.0.4',
27 silly addNameRange     '2.0.5',
27 silly addNameRange     '2.0.6',
27 silly addNameRange     '2.1.0',
27 silly addNameRange     '2.1.1',
27 silly addNameRange     '2.1.2',
27 silly addNameRange     '1.2.0',
27 silly addNameRange     '2.2.0',
27 silly addNameRange     '2.2.1',
27 silly addNameRange     '2.2.2',
27 silly addNameRange     '2.2.3',
27 silly addNameRange     '2.2.4' ] ]
28 verbose addNamed firebase@2.2.4
29 silly addNamed semver.valid 2.2.4
30 silly addNamed semver.validRange 2.2.4
31 silly cache afterAdd firebase@2.2.4
32 verbose afterAdd /Users/davidherrera/.npm/firebase/2.2.4/package/package.json not in flight; writing
33 verbose afterAdd /Users/davidherrera/.npm/firebase/2.2.4/package/package.json written
34 silly install resolved [ { author: { name: 'Firebase' },
34 silly install resolved     email: 'operations@firebase.com',
34 silly install resolved     name: 'firebase',
34 silly install resolved     description: 'Firebase library for Node.js',
34 silly install resolved     version: '2.2.4',
34 silly install resolved     main: './lib/firebase-node.js',
34 silly install resolved     browser: './lib/firebase-web.js',
34 silly install resolved     scripts: { test: 'echo "Error: no test specified" && exit 1' },
34 silly install resolved     keywords: [ 'Firebase', 'synchronization', 'real-time', 'websocket' ],
34 silly install resolved     dependencies: { 'faye-websocket': '>=0.6.0' },
34 silly install resolved     repository: { type: 'none', url: 'https://www.firebase.com/' },
34 silly install resolved     _id: 'firebase@2.2.4',
34 silly install resolved     _shasum: 'd0a7f8b083ebf8a0f454a4b3ddb1abbb27bee3e0',
34 silly install resolved     _from: 'firebase@*',
34 silly install resolved     _npmVersion: '2.7.5',
34 silly install resolved     _nodeVersion: '0.10.38',
34 silly install resolved     _npmUser: { name: 'firebase', email: 'operations@firebase.com' },
34 silly install resolved     maintainers: [ [Object] ],
34 silly install resolved     dist:
34 silly install resolved      { shasum: 'd0a7f8b083ebf8a0f454a4b3ddb1abbb27bee3e0',
34 silly install resolved        tarball: 'http://registry.npmjs.org/firebase/-/firebase-2.2.4.tgz' },
34 silly install resolved     directories: {},
34 silly install resolved     _resolved: 'https://registry.npmjs.org/firebase/-/firebase-2.2.4.tgz',
34 silly install resolved     readme: 'ERROR: No README data found!' } ]
35 info install firebase@2.2.4 into /Users/davidherrera/Documents/dherre3.github.io/playingWithFireBase
36 info installOne firebase@2.2.4
37 verbose installOne of firebase to /Users/davidherrera/Documents/dherre3.github.io/playingWithFireBase not in flight; installing
38 warn locking Error: EACCES, open '/Users/davidherrera/.npm/_locks/firebase-04e078b223c97c87.lock'
38 warn locking     at Error (native)
38 warn locking  /Users/davidherrera/.npm/_locks/firebase-04e078b223c97c87.lock failed { [Error: EACCES, open '/Users/davidherrera/.npm/_locks/firebase-04e078b223c97c87.lock']
38 warn locking   errno: -13,
38 warn locking   code: 'EACCES',
38 warn locking   path: '/Users/davidherrera/.npm/_locks/firebase-04e078b223c97c87.lock' }
39 verbose stack Error: Attempt to unlock /Users/davidherrera/Documents/dherre3.github.io/playingWithFireBase/node_modules/firebase, which hasn't been locked
39 verbose stack     at unlock (/usr/local/lib/node_modules/npm/lib/utils/locker.js:66:11)
39 verbose stack     at cb (/usr/local/lib/node_modules/npm/lib/install.js:1004:5)
39 verbose stack     at /usr/local/lib/node_modules/npm/lib/install.js:1008:20
39 verbose stack     at /usr/local/lib/node_modules/npm/lib/utils/locker.js:40:9
39 verbose stack     at cb (/usr/local/lib/node_modules/npm/node_modules/lockfile/lockfile.js:149:38)
39 verbose stack     at /usr/local/lib/node_modules/npm/node_modules/lockfile/lockfile.js:177:38
39 verbose stack     at FSReqWrap.oncomplete (fs.js:95:15)
40 verbose cwd /Users/davidherrera/Documents/dherre3.github.io/playingWithFireBase
41 error Darwin 14.1.0
42 error argv "node" "/usr/local/bin/npm" "install" "firebase" "--save"
43 error node v0.12.2
44 error npm  v2.7.4
45 error Attempt to unlock /Users/davidherrera/Documents/dherre3.github.io/playingWithFireBase/node_modules/firebase, which hasn't been locked
46 error If you need help, you may report this error at:
46 error     <https://github.com/npm/npm/issues>
47 verbose exit [ 1, true ]
